<?xml version="1.0" encoding="UTF-8"?>
<testsuites name="Mocha Tests" time="0.0000" tests="1" failures="1">
  <testsuite name="Root Suite" timestamp="2021-07-29T08:32:52" tests="0" time="0.0000" failures="0">
  </testsuite>
  <testsuite name="iModelsClient" timestamp="2021-07-29T08:32:52" tests="1" file="D:\imodels-client\tests\lib\iModelHubClient.test.js" time="0.0000" failures="1">
    <testcase name="iModelsClient &quot;before all&quot; hook for &quot;should create iModel&quot;" time="0.0000" classname="&quot;before all&quot; hook for &quot;should create iModel&quot;">
      <failure message="iModelsClient is not a constructor" type="TypeError"><![CDATA[TypeError: iModelsClient is not a constructor
    at Context.<anonymous> (lib\iModelHubClient.test.js:8:25)
    at processImmediate (internal/timers.js:464:21)]]></failure>
    </testcase>
  </testsuite>
</testsuites>